All
Budapest, Magyarország
Szeged, Magyarország
Belgrád, Szerbia
Újvidék, Szerbia
Nagykikinda, Szerbia
Szabadka, Szerbia
Horgos, Szerbia
Apatin, Szerbia
Kishegyes, Szerbia
Zlatibor, Szerbia
Csantavér, Szerbia
Magyarcsernye, Szerbia
Berlin, Németország
München, Németország
Bremen, Németország
Hamburg, Németország
Freiburg, Németország
Badhamburg, Németország
Borat, Kazahsztán
Manchester, Anglia
London, Anglia
Nottingham, Anglia
Los Angeles, USA
Toronto, Kanada
qwert, India
Hiroshima, Japán
Beijing, Kína
Rio De Janeiro, Brazília
Leo Messi, Argentína
Moldova
Nigéria
Niger
Benu
Togo
Elefántcsontpart
Paraquay
Kosovo
Monaco
Hollandia
Belgium
Ausztria
Venezuela
Ausztrália
Erdély, Románia
Cyprus
Roma, Olaszország
Barcelona, Spanyolország
Lisabon, Portugália
Tasmánia